7528:
2.8
2.2
2.2
3.0
3.0
2.2
3.1
3.1
1.8
3.4
2.5
1.8
3.4
2.2
2.8
2.8
2.2
3.1
3.4
2.5
1.8
2.8
2.8
2.8
2.8
2.5
2.8
2.2
2.2
2.2
3.4
3.1
2.8
2.5
2.2
3.1
2.8
2.2
2.8
2.5
3.4
3.4
2.2
2.5
1.8
3.1
3.0
2.2
2.8
1.8
2.5
3.0
2.8
2.8
2.8
2.8
2.5
2.2
1.8
2.5
3.4
2.2
3.1
1.8
2.8
2.8
2.2
2.2
1.8
3.0
2.2
3.0
3.0
2.2
2.2
2.2
2.2
2.8
3.4
2.8
1.8
1.8
3.4
2.8
2.5
2.2
2.8
2.8
3.1
3.1
2.2
1.8
2.2
2.8
3.1
2.2
2.8
1.8
2.2
2.8
2.2
2.2
3.0
3.0
1.8
3.0
1.8
2.2
3.0
3.0
2.2
2.8
1.8
2.2
2.8
1.8
3.4
2.5
1.8
3.4
2.2
2.2
2.5
3.0
2.2
2.2
2.8
2.2
2.8
2.8
2.2
2.2
3.4
2.2
3.1
3.4
2.8
2.2
1.8
1.8
1.8
2.8
2.2
2.8
2.5
3.0
3.0
3.4
1.8
1.8
2946:
3.5
3.9
4.0
3.5
3.7
3.5
3.9
3.7
3.7
2.6
3.5
2.6
3.7
3.9
4.0
3.7
4.0
2.6
3.7
3.5
3.5
4.0
3.7
3.5
3.5
3.9
3.7
3.7
2.6
3.5
3.5
4.0
3.7
2.6
3.7
3.7
3.5
2.6
3.7
3.5
4.0
3.7
4.0
3.5
3.7
3.9
3.7
3.9
3.7
3.9
2.6
2.6
3.7
4.0
2.6
3.7
3.9
2.6
3.9
4.0
3.9
3.5
3.5
3.5
2.6
3.9
4.0
3.7
4.0
3.9
3.5
3.7
4.0
3.5
2.6
3.7
3.9
3.9
3.9
2.6
2.6
3.7
3.7
4.0
3.9
3.5
4.0
4.0
3.9
3.9
3.7
3.7
3.7
3.5
3.5
3.7
3.5
3.7
3.7
3.7
4.0
3.7
3.9
3.7
3.9
3.7
3.7
2.6
3.5
3.5
2.6
3.9
2.6
4.0
3.7
4.0
3.5
3.5
3.7
3.7
3.5
3.7
4.0
3.7
2.6
3.7
3.9
3.9
3.7
3.7
3.5
3.7
4.0
3.7
2.6
3.7
3.7
3.7
3.7
2.6
3.5
3.7
3.7
3.9
3.7
3.7
4.0
3.5
2.6
3.5
2.6
7465:
2.0
1.9
1.8
1.8
2.0
1.7
1.9
2.2
1.6
1.8
2.0
1.9
1.6
2.1
1.6
1.9
1.9
2.0
1.5
2.0
2.0
2.0
1.8
1.9
2.2
1.6
1.6
2.0
1.5
1.6
1.9
2.2
1.8
1.8
1.8
1.6
1.6
1.8
1.7
1.7
1.8
1.9
1.6
1.5
1.6
0.86
1.8
1.8
1.7
1.7
2.0
1.6
0.86
1.5
1.9
2.2
2.0
1.2
1.9
1.6
1.8
1.9
1.7
1.2
1.9
1.8
1.2
1.2
1.7
1.2
1.7
1.8
1.7
2.0
2.0
1.9
1.9
1.9
2.2
1.9
1.2
1.9
2.0
1.8
2.0
2.0
1.8
2.0
1.9
1.9
1.5
1.8
1.2
1.2
2.2
1.9
2.0
1.8
1.8
1.5
1.2
1.6
2.0
1.7
1.9
1.9
2.2
1.9
0.86
1.6
1.6
2.2
2.0
1.9
2.2
1.5
1.7
1.9
1.9
1.2
2.2
1.7
1.2
0.86
1.8
1.5
1.2
2.2
1.9
1.6
1.7
1.8
1.7
2.1
2.0
1.9
2.0
1.6
1.2
1.2
2.0
1.6
2.2
1.7
2.2
1.5
1.6
2.0
2.0
1.2
1.2
2.2
1.6
1.9
1.2
2.0
0.86
2.0
2.2
1.7
0.86
2.0
2.0
1.2
1.5
1.8
1.5
1.6
1.5
1.6
1.5
2.1
2.0
1.5
1.6
2.0
2.1
2.0
2.2
1.7
2.0
2.2
1.8
1.6
1.2
1.2
2.0
1.9
2.2
2.1
0.86
2.2
2.0
1.8
1.6
2.1
1.6
1.6
1.2
1.5
1.6
1.8
1.5
1.2
1.5
1.6
0.86
1.9
1.6
2.0
2.0
1.6
1.2
2.0
1.2
1.5
1.8
2.0
1.7
1.7
1.6
1.6
2.0
1.2
2.2
2.1
1.2
2.0
1.8
1.6
1.9
1.9
1.8
1.8
1.8
1.2
2.0
1.2
1.6
1.8
0.86
1.2
1.2
2.2
1.7
1.6
2.0
2.2
1.9
2.0
2.0
1.5
2.1
1.9
1.5
1.2
1.9
1.5
2.1
2.0
2.0
1.9
1.9
1.8
1.6
2.0
2.0
1.8
2.0
2.0
1.6
1.8
2.0
2.0
1.6
1.8
0.86
1.9
1.2
1.6
1.6
1.2
1.8
1.2
1.9
2.0
1.7
1.8
2.2
2.0
2.1
1.8
1.2
2.1
1.9
1.9
1.6
4154:
2.7
2.6
2.7
2.6
2.7
2.3
2.1
3.0
3.0
2.6
2.7
2.6
3.0
2.7
2.7
2.6
2.3
2.6
2.7
2.3
2.7
2.6
3.0
2.6
2.3
3.0
2.7
3.0
2.3
2.3
2.6
2.1
2.3
2.7
2.1
3.0
3.0
2.6
2.6
2.6
2.7
2.1
2.3
2.6
2.3
3.0
2.3
2.6
2.6
2.7
3.0
2.3
2.1
3.0
2.7
2.1
2.7
3.0
2.3
3.0
2.7
2.3
2.1
3.0
2.7
2.7
2.3
2.3
2.3
2.6
2.6
2.7
2.3
2.7
3.0
2.1
2.6
2.7
2.1
2.6
2.3
2.6
2.6
2.7
2.7
3.0
2.3
2.7
2.6
2.7
2.6
2.7
3.0
2.6
2.7
2.6
2.7
2.3
2.7
2.7
2.1
2.3
2.1
2.6
3.0
2.1
2.7
2.3
2.7
2.7
2.3
2.3
3.0
2.6
2.7
3.0
2.1
2.7
2.1
2.7
3.0
2.7
2.3
2.7
2.3
2.7
2.7
2.7
3.0
3.0
3.0
2.7
2.3
2.7
2.7
2.3
2.7
2.1
2.7
2.3
2.6
2.7
2.6
2.1
2.6
2.7
2.7
2.1
2.7
3.0
2.1
2.3
2.7
2.3
3.0
3.0
2.7
2.1
2.7
2.1
3.0
2.7
3.0
3.0
2.7
2.1
2.7
3.0
2.7
3.0
2.6
2.3
3.0
3.0
2.3
2.7
2.7
3.0
3.0
2.1
2.3
3.0
2.3
3.0
2.1
2.6
3.0
2.6
2.6
2.7
3.0
3.0
2.7
2.3
2.1
2.7
2.7
2.7
2.6
3.0
2.3
2.7
3.0
2.7
2.7
2.1
2.1
2.3
3.0
3.0
2.6
2.1
2.7
2.7
3.0
2.7
2.7
2.7
2.7
2.7
2.7
2.6
2.1
2.3
3.0
2.6
2.7
2.6
2.3
2.1
2.1
2.7
3.0
3.0
2.6
2.1
2.6
3.0
3.0
2.7
2.1
2.6
2.6
2.3
2.7
2.3
3.0
2.6
2.7
2.7
2.7
2.3
922:
3.4
3.1
3.0
2.4
3.4
3.1
2.9
2.5
3.1
2.9
3.0
2.4
2.4
2.5
3.1
2.9
2.4
3.0
3.1
3.0
2.4
3.1
2.4
3.0
2.4
4.1
3.1
4.1
3.0
3.1
3.1
2.5
2.5
3.4
3.0
2.9
3.0
4.1
3.0
2.5
2.4
2.4
3.0
3.4
4.1
2.9
4.1
2.5
4.1
2.9
3.4
3.1
4.1
3.4
3.4
3.4
2.5
2.5
3.4
2.9
3.1
2.4
3.1
2.4
3.1
2.9
3.1
2.9
3.4
2.5
3.4
2.5
2.4
3.0
2.4
3.0
2.9
2.4
3.4
3.0
3.0
2.9
4.1
3.4
2.9
3.1
2.5
4.1
2.4
3.0
3.4
2.4
4.1
2.9
2.4
3.1
4.1
4.1
2.4
4.1
4.1
4.1
5791:
2.3
2.5
2.6
2.5
2.6
2.5
2.3
2.3
2.6
2.5
2.3
2.5
2.6
2.6
2.5
2.5
2.6
2.3
2.3
2.3
2.5
2.5
2.6
2.5
2.5
2.3
2.6
2.5
2.5
2.6
2.5
2.5
2.5
2.6
2.3
2.5
2.6
1529:
3.8
3.9
3.1
3.1
