commit e061483ef231f408d57d8512599d8b0b5d825a85
Author: Glenn Downing <downing@cs.utexas.edu>
Date:   Thu Jan 16 15:41:58 2014 -0600

    another commit

commit fdc056bc6d0f65e42046af929eb487249e16a651
Author: Glenn Downing <downing@cs.utexas.edu>
Date:   Thu Jan 16 15:41:06 2014 -0600

    another commit

commit 59f4e197e9cecd64824b4524bc4498db19f3ee26
Author: Glenn Downing <downing@cs.utexas.edu>
Date:   Thu Jan 16 15:00:41 2014 -0600

    another commit

commit e32945e1c282b8f9a63e926cc1e7b77b8c1c84da
Author: Glenn Downing <downing@cs.utexas.edu>
Date:   Wed Jan 15 18:46:31 2014 -0600

    another commit

commit d365424213e4b79c68b98ccd87e3348b4e02e194
Author: Glenn Downing <downing@cs.utexas.edu>
Date:   Tue Jan 14 22:40:58 2014 -0600

    another commit

commit adb281c33f120723fe5c14898644f47d5d9957c9
Author: Glenn Downing <downing@cs.utexas.edu>
Date:   Tue Jan 14 22:21:03 2014 -0600

    another commit

commit 3d877935ee8192f74f45eb41cb4d770bb6fa6e06
Author: Glenn Downing <downing@cs.utexas.edu>
Date:   Tue Jan 14 18:29:19 2014 -0600

    another commit

commit 9e59aa2bf5ba4b8aceb87abe3d667a8b1f4d8e1f
Author: Glenn Downing <downing@cs.utexas.edu>
Date:   Tue Jan 14 18:29:13 2014 -0600

    first commit
