7793 2268 262
1213 8991 262
1569 3216 217
8115 4787 262
3484 6226 262
6343 4543 262
624 2298 183
4802 1761 238
4985 9764 262
4310 3890 202
6325 5330 262
5194 635 238
1175 1083 182
1684 4737 238
9686 6199 260
9224 9326 260
6324 8125 257
8299 2431 262
255 8944 262
3987 9258 262
8960 5442 262
5228 8192 262
2687 8518 262
1975 8022 262
7601 2897 262
6209 5334 262
9526 6877 260
4313 8575 262
8352 3167 262
6643 7924 257
9683 1572 262
1114 5179 238
2298 5739 238
3377 2498 217
4275 2367 238
9146 2983 262
9441 7353 260
356 8772 262
1483 5856 238
347 7895 262
8342 7081 252
309 8059 262
3740 4486 215
6469 2797 262
9131 8800 247
2960 1926 217
4163 2447 238
5958 3396 238
919 3665 217
8386 1113 262
6664 2311 262
2484 9208 262
9028 3651 262
8661 9183 247
409 7740 262
2615 253 209
4154 3220 238
8451 8078 234
6629 4756 262
9698 530 262
836 2077 182
9973 1075 262
6889 3256 262
1531 1480 154
3341 1912 217
6353 8868 257
975 9102 262
6567 6336 200
3308 6773 262
3112 202 217
2911 4600 238
5662 9006 262
7139 2282 262
1254 9004 262
8793 2564 262
9068 3880 262
7454 4818 262
8307 550 262
1283 9610 262
2195 3789 238
4112 7726 262
4399 2350 238
8929 4646 262
6438 3736 262
7748 7779 177
7845 9046 252
3882 5444 215
3790 7684 262
5634 5792 205
2054 5127 238
2419 8941 262
9892 6163 262
2602 8865 262
2439 1446 183
9340 8987 260
7753 8649 252
7675 3997 262
9385 5905 262
4016 2968 238
324 3681 217
3285 3225 168
1635 6473 262
1076 3225 217
8833 5493 262
2596 4418 238
2772 376 209
5689 3673 238
9113 4939 262
9187 9262 260
6876 1637 262
8512 9012 247
3523 8994 262
9407 4135 262
856 626 171
8203 6377 257
915 2925 217
459 666 145
4010 2180 238
1856 8616 262
23 9069 262
8604 7705 252
9928 1102 262
5356 4533 210
705 4664 238
7520 2011 262
5203 4000 215
7603 8464 252
4692 1484 238
5733 5440 236
6099 1215 238
7999 5700 262
7759 8770 252
7367 301 262
6996 5440 262
2106 1150 182
5727 4482 236
1538 1807 180
2336 2994 217
2286 3426 217
7256 937 262
6527 3549 262
5116 9883 262
449 9791 262
3005 7071 262
438 3412 217
6874 7263 257
1539 2405 183
9305 2024 262
20 3375 217
6071 5617 218
3968 7768 262
7995 3789 262
674 2952 217
8827 2632 262
8199 383 262
8722 8052 234
3644 7044 262
9795 2265 262
6023 4842 236
3459 7148 262
7024 3817 262
6803 4148 262
7898 9824 260
4066 3439 238
4787 5715 236
2822 800 209
160 5862 238
9162 1274 262
680 2792 209
3549 6142 238
9716 627 262
990 9994 262
885 5762 238
9053 1483 262
625 9221 262
5249 6005 236
1741 6559 262
6527 1905 262
2174 2863 209
8194 1898 262
454 2743 209
8609 655 262
8229 5155 262
4887 8599 262
427 122 144
1647 2021 180
6248 400 262
6014 112 238
9064 5828 262
7654 6116 262
7921 9943 260
7923 1337 262
6943 2645 262
8208 4428 262
8755 1774 262
9778 2521 262
2630 2142 209
4210 2338 238
9628 2214 262
3480 590 217
2586 2597 147
9924 8477 260
6381 3532 262
6075 7011 262
879 7495 262
9886 7808 260
2274 5090 238
9301 8598 260
1722 8369 262
8108 6297 257
5936 6855 262
3763 3439 238
4091 6331 262
1274 4878 238
9966 7851 260
7858 547 262
9946 390 262
6094 7727 262
6981 9324 260
7632 2910 262
5279 220 238
5289 5167 192
7229 5243 262
8781 767 262
6766 5514 262
7543 2357 262
6697 1767 262
9965 4469 262
2966 2501 217
9371 4603 262
3825 2604 238
2137 4985 238
6633 656 262
3514 1379 217
4480 3999 215
1540 36 182
7996 7431 252
5325 4895 210
8010 7872 252
6681 6722 138
9482 3152 262
3261 4171 238
8319 5786 262
19 4677 238
5986 9430 262
5673 6410 262
9835 3149 262
191 7155 262
6658 1651 262
6231 8364 257
788 257 171
4673 8683 262
1697 6052 238
5382 2371 238
9538 8772 260
8797 1650 262
9593 8016 260
2497 5284 238
4403 2703 238
4001 9352 262
750 5633 238
9908 5008 262
8919 7812 252
4798 5986 236
1847 3177 217
4097 3146 238
5099 3077 238
8783 7358 252
3324 4903 238
1830 5157 238
628 7807 262
222 3484 217
4460 1119 238
7265 2407 262
5369 5257 192
1107 4665 238
7714 9542 260
465 6801 262
7008 4903 262
291 599 144
7950 769 262
7111 3699 262
7152 734 262
4612 2873 238
8459 6144 262
3363 4250 238
8010 9224 247
3318 4116 238
6375 4563 262
8900 8445 216
44 4940 238
3509 6309 262
5599 4182 236
6395 1364 262
9584 317 262
7916 6280 257
7199 4207 262
4418 7615 262
7248 3770 262
5841 5106 236
4887 9539 262
9040 6936 257
4382 4589 184
9525 6163 262
1565 2843 209
1112 2726 209
2230 7350 262
5781 8516 262
1578 4145 238
6040 7370 262
9935 2173 262
7740 4088 262
6752 5635 262
8038 8631 234
4408 5415 210
6215 3892 262
1411 9724 262
5842 90 238
5965 815 238
4603 1521 238
8698 7969 234
7119 7192 195
6389 3961 262
4314 6666 262
7140 6634 257
9508 2282 262
2163 245 182
4961 4955 135
2097 7257 262
1041 5202 238
4113 1200 238
2071 3070 217
120 4058 238
3282 7269 262
4346 3112 238
2658 5934 238
8900 3347 262
8461 5558 262
748 7401 262
1225 4542 238
2750 2572 191
6125 4634 236
7084 7147 195
3871 3236 238
1616 9148 262
2946 5419 238
674 8015 262
6161 6436 262
8047 1215 262
1051 6739 262
6553 8558 257
7577 241 262
3132 1371 217
7307 8219 252
9395 5438 262
4462 7201 262
3961 5242 215
2270 6332 262
3198 7896 262
9942 1562 262
6546 4885 262
724 1568 182
5156 5959 236
4456 7960 262
7857 9270 260
3042 8662 262
7252 238 262
5744 7531 262
2069 3788 238
2876 2564 191
9239 813 262
5933 1469 238
3994 2209 238
9084 6087 262
6902 8161 257
3312 8270 262
5335 7737 262
5553 654 238
3903 4799 215
8097 5026 262
3069 3235 199
6080 2094 238
8940 1281 262
7829 1438 262
4194 5198 215
6394 7689 257
6399 3629 262
9593 3295 262
9644 9001 260
4813 9541 262
4264 1704 238
6837 6062 262
5973 1449 238
5525 511 238
3817 5144 215
7991 9264 260
3249 9108 262
9610 2214 262
5913 3283 238
6918 6042 262
6753 3333 262
4780 9409 262
9398 8996 260
3136 8977 262
3672 5436 238
1183 8522 262
5852 4409 236
1404 4255 238
1623 5860 238
943 7178 262
8549 2719 262
1656 2045 180
3425 8565 262
1495 4649 238
1155 8147 262
8574 6814 257
6712 864 262
5648 630 238
3454 1406 217
6494 5007 262
1641 3770 238
4411 4927 210
8477 8761 216
6702 6222 244
4400 1836 238
1314 8006 262
5683 3792 236
7710 3842 262
7004 2539 262
9511 9019 260
7459 5642 262
6797 9740 260
7758 3424 262
6616 6178 244
2293 3421 217
3066 5045 238
7143 3940 262
7470 4287 262
5609 9702 262
2536 5657 238
8810 437 262
8946 3191 262
5278 4810 210
7786 6875 257
2179 3992 238
3785 707 238
4131 1113 238
9362 9817 198
8119 3551 262
3076 2765 217
3927 8787 262
2424 368 183
1880 9916 262
9569 8199 260
7602 5055 262
5296 334 238
2312 235 183
3245 1333 217
4589 4954 210
4068 8411 262
4815 2037 238
6093 6628 262
6830 7674 257
3931 6490 262
6107 3259 238
1426 1190 177
8988 4227 262
2053 7087 262
1720 3026 217
5353 2600 238
2047 1572 180
1860 8059 262
5099 3700 238
8170 1775 262
1354 4466 238
6907 925 262
6084 3300 238
3989 7030 262
1717 1081 182
2571 1002 209
4254 7574 262
5065 7575 262
6680 2393 262
461 2247 183
6324 1444 262
961 6679 262
8361 7182 252
5579 9381 262
3594 9327 262
5065 9709 262
8425 3431 262
8278 2996 262
3868 9495 262
1098 70 179
3886 2207 238
7597 2998 262
4635 9644 262
8442 1620 262
6623 6160 262
5774 1596 238
2113 6428 262
2664 5137 238
3117 8065 262
3541 9658 262
2332 6109 238
1182 4678 238
8413 4541 262
7510 2534 262
8020 1443 262
3369 1765 217
6407 9615 260
6735 8679 257
6073 6717 262
7462 380 262
1288 1000 182
6104 6258 262
5542 4112 215
6574 7832 257
3655 3460 194
3727 9671 262
6222 9654 260
80 6613 262
9258 4737 262
3986 1370 238
6504 9173 257
5143 358 238
9985 3298 262
536 2299 183
6832 6395 244
610 9437 262
1131 4234 238
5988 873 238
3994 8767 262
1715 4013 238
609 7777 262
6311 9536 260
355 3278 217
4306 82 238
7920 9826 260
7079 33 262
7988 4190 262
6495 4203 262
8034 1096 262
2350 9451 262
9473 761 262
6439 8755 257
1411 2765 209
639 8967 262
2441 4214 238
7010 2113 262
5009 8547 262
9946 5004 262
7402 6835 257
2579 6369 262
6616 9518 260
4319 1292 238
6752 5287 262
8318 1352 262
7048 3943 262
1591 791 182
2267 209 183
8283 90 262
5819 584 238
300 2700 209
1933 7669 262
8523 3683 262
6357 1639 262
2732 7910 262
5330 7770 262
8435 1914 262
5665 3029 238
2570 4336 238
3505 2018 217
1947 488 182
8165 5435 262
5846 6227 262
1843 4013 238
259 9739 262
3272 9859 262
9210 1512 262
3408 9465 262
9075 6802 257
4546 9357 262
1506 4885 238
6436 3503 262
6843 5778 262
1614 2295 183
9335 2066 262
7279 7326 195
8324 3943 262
4050 3733 189
8172 8879 234
8555 603 262
8382 670 262
8131 7945 252
7865 3852 262
792 4378 238
8911 6156 262
3750 4939 215
2581 460 209
6663 4648 262
6924 9365 260
4655 1451 238
3613 6699 262
1782 5538 238
6947 1643 262
5568 4606 236
5150 6639 262
5839 5705 218
3892 3148 238
2578 889 209
7658 4339 262
7819 2541 262
7557 6393 257
9368 331 262
1644 9552 262
1107 9570 262
347 755 171
8263 9664 260
2925 6066 238
3566 8208 262
2245 9069 262
9252 7155 252
1581 8586 262
3874 8387 262
6936 5658 262
5400 6418 262
742 3647 217
3039 3087 155
5949 1246 238
3934 7294 262
3324 8619 262
2526 2795 191
7234 9955 260
6333 9460 260
3235 1320 217
9030 8147 247
2411 382 183
5994 4771 236
925 5064 238
7248 9605 260
4882 4420 197
8161 7572 252
7418 6255 257
3765 91 238
9222 5089 262
6893 9957 260
4002 1299 238
4462 9446 262
2615 5576 238
5342 5681 236
2648 8802 262
390 5578 238
9375 9460 154
9561 2766 262
8578 7037 252
9856 7063 260
5237 1132 238
3487 4486 238
228 5465 238
1853 9757 262
8993 9495 260
8118 5013 262
9482 6715 260
488 7564 262
6889 3462 262
562 7847 262
5440 8297 262
5167 880 238
5429 3996 215
1541 6707 262
5232 8465 262
4162 1463 238
7903 1164 262
8772 2262 262
816 9694 262
2446 2942 217
8401 8586 203
3783 4562 215
1213 9719 262
7690 697 262
8992 5252 262
6476 3148 262
9332 5019 262
2431 3314 217
4510 530 238
8937 2917 262
3080 5855 238
1710 6280 262
853 6092 238
5279 9430 262
8326 2373 262
989 3664 217
2382 7036 262
4354 8834 262
2840 1443 209
8215 5928 262
3024 5441 238
6217 8657 257
71 3363 217
7955 943 262
6119 3305 238
317 5940 238
7148 4659 262
2874 1522 209
448 5827 238
2239 3838 238
9677 4276 262
6688 4727 262
2324 1540 183
3892 2439 238
9561 2671 262
3409 9673 262
5950 5412 236
1727 7996 262
7761 403 262
6634 5187 262
534 9779 262
3475 3267 181
8699 4819 262
8528 9533 260
2166 8425 262
8297 3383 262
8621 7717 252
9245 549 262
4082 844 238
2512 6551 262
8797 8923 185
3706 5395 238
2874 8301 262
2347 2700 209
9064 4201 262
5643 5939 218
694 9092 262
9384 4996 262
9820 9756 198
1294 7602 262
82 8966 262
1876 3063 217
6994 6399 257
5503 4634 210
9166 5088 262
5145 4846 210
797 2189 182
8074 8424 234
4526 7837 262
3540 3233 181
7682 1083 262
1019 3628 217
5253 7260 262
2954 9819 262
2491 1057 209
8562 5227 262
802 7951 262
8513 5767 262
7743 3317 262
6398 6416 169
5807 6647 262
4773 8938 262
7761 9371 260
2587 9179 262
6729 5685 262
7410 3808 262
3911 934 238
1563 2390 183
8703 4280 262
4398 2522 238
8424 204 262
6879 1766 262
8758 9142 247
7525 6567 257
2425 9735 262
5060 2534 238
1171 9941 262
2782 2672 173
6310 5148 262
9618 3681 262
1011 225 179
8915 1511 262
8372 4152 262
1789 7325 262
7250 3886 262
1958 215 182
1766 6532 262
2048 7111 262
9756 3175 262
4840 9233 262
4845 2177 238
3960 6241 262
4173 2127 238
8147 6584 257
1514 9945 262
9375 5678 262
3385 8175 262
704 2970 217
929 7388 262
2382 160 183
9548 6373 260
933 49 179
8310 6141 262
9435 280 262
7842 998 262
6712 2453 262
7499 28 262
8501 9349 260
1482 8854 262
5056 9920 262
3830 1308 238
4113 7420 262
7046 1329 262
7640 5112 262
7488 915 262
5611 12 238
9564 4079 262
4466 538 238
399 3673 217
9609 2552 262
1731 860 182
996 8144 262
3419 7984 262
4678 2453 238
7335 5514 262
9596 1750 262
1858 2635 209
4110 782 238
8726 1612 262
2770 8017 262
442 8007 262
63 4874 238
8994 5022 262
1559 9761 262
8683 8414 203
9873 1250 262
4412 7824 262
6191 9497 260
8699 4580 262
2530 4828 238
8747 6989 252
7390 6055 262
5346 7222 262
3873 2782 238
2215 4935 238
3624 5134 238
1531 1003 182
1534 1417 172
660 6719 262
6011 3915 236
7126 3101 262
8431 3224 262
2458 3580 217
5894 6653 262
4775 4487 197
4716 1429 238
2821 3527 217
9678 2790 262
8737 7269 252
5196 1360 238
8789 5296 262
6117 6071 156
5143 204 238
9947 992 262
3138 7179 262
1159 6387 262
2100 6980 262
2813 7399 262
8858 536 262
5225 9409 262
7407 7255 208
1643 8876 262
291 3925 238
5698 1213 238
278 4377 238
7287 5997 262
7792 1405 262
8349 7353 252
5651 7684 262
4476 7453 262
4494 8907 262
5380 5887 236
7086 4298 262
7057 3076 262
3568 8722 262
3734 1593 238
7820 4951 262
5978 8948 262
9291 2574 262
2487 4154 238
6612 4080 262
1081 1777 182
2878 9548 262
6493 4314 262
4519 8186 262
3133 6780 262
6309 5438 262
3530 2310 217
5845 5641 218
8501 4452 262
5532 9337 262
7659 5002 262
8246 8789 234
5680 6288 262
3341 916 217
5770 9649 262
7701 6834 257
5869 6540 262
1520 701 182
5180 4727 210
5653 6874 262
1404 5673 238
2952 9520 262
8825 4048 262
1776 2273 183
9208 3979 262
1922 2119 175
5402 3285 238
4503 3208 238
9195 1836 262
7085 5721 262
9868 5684 262
2486 7420 262
1456 3227 217
7635 8977 252
2652 651 209
6257 1812 262
5938 4459 236
2190 8322 262
8559 2585 262
7500 8545 252
8122 7831 252
5076 3775 215
6248 9947 260
8452 4016 262
822 8968 262
9793 169 262
9615 7739 260
5479 958 238
6326 4113 262
5524 212 238
8494 9133 247
7092 6580 257
2929 16 217
9665 7656 260
1921 1699 180
910 636 179
9699 197 262
8033 255 262
7748 3086 262
6669 2844 262
6156 7792 262
3516 6810 262
6294 9564 260
322 8951 262
3119 4727 238
9555 1507 262
4687 6074 236
3862 5142 215
2003 4131 238
1947 6399 262
8837 6067 262
2512 4359 238
2939 2249 217
8600 8589 79
2285 7796 262
1447 1240 177
3912 1052 238
5828 6076 218
6658 1581 262
7154 3764 262
3746 4657 215
7071 5168 262
3012 2146 217
349 3813 238
9365 4729 262
6609 6907 182
4496 946 238
8580 2444 262
5946 8138 262
3207 6236 262
8938 7726 252
9070 5138 262
3227 8020 262
6438 1324 262
1344 1598 172
1027 9789 262
3032 5997 238
4692 2870 238
4823 6011 236
3021 5710 238
9307 2627 262
2035 759 182
2693 2531 191
4403 5181 210
1987 3616 217
5333 364 238
9925 8940 260
7423 6767 257
707 6046 238
8440 4227 262
2310 8980 262
2653 8446 262
